Capturing execution frames: multiple_masks_depthcorrected.json
  [Console-error] Failed to load resource: the server responded with a status of 404 (Not Found)
  [Console-error] Failed to load resource: the server responded with a status of 404 (Not Found)
  [Console-error] Failed to load resource: the server responded with a status of 404 (Not Found)
  [Console-error] Failed to load resource: the server responded with a status of 404 (Not Found)
  [Console-error] Failed to load resource: the server responded with a status of 404 (Not Found)
  [Console-error] Failed to load resource: the server responded with a status of 404 (Not Found)
  [Console-warning] Extension KJNodes.browserstatus is disabled.
  [Console-warning] WARNING: Multiple instances of Three.js being imported.
  [Console-warning] WARNING: Multiple instances of Three.js being imported.
  [Console-error] [vite:preloadError] Error: Extension named 'Comfy.DynamicWidgets' already registered.
    at Proxy.registerExtension (http://127.0.0.1:8288/assets/PanelTemplate-BUPnglF3.js:1:7530)
    at Proxy.wrappedAction (http://127.0.0.1:8288/assets/vendor-vue-BAQ5VIVR.js:1:4647)
    at Object.registerExtension (http://127.0.0.1:8288/assets/dialogService-Cr3DyAja.js:3:110199)
    at ComfyApp.registerExtension (http://127.0.0.1:8288/assets/dialogService-Cr3DyAja.js:192:20543)
    at http://127.0.0.1:8288/extensions/ComfyUI-GeometryPack/js/dynamic_widgets.js:125:5
  [Console-error] [vite:preloadError] Error: Extension named 'comfy3d.pointcloud.vtk' already registered.
    at Proxy.registerExtension (http://127.0.0.1:8288/assets/PanelTemplate-BUPnglF3.js:1:7530)
    at Proxy.wrappedAction (http://127.0.0.1:8288/assets/vendor-vue-BAQ5VIVR.js:1:4647)
    at Object.registerExtension (http://127.0.0.1:8288/assets/dialogService-Cr3DyAja.js:3:110199)
    at ComfyApp.registerExtension (http://127.0.0.1:8288/assets/dialogService-Cr3DyAja.js:192:20543)
    at http://127.0.0.1:8288/extensions/ComfyUI-GeometryPack/js/pointcloud_preview_vtk.js:13:5
  [Console-error] Failed to load resource: the server responded with a status of 404 (Not Found)
  [Console-warning] [ComfyUI Deprecated] Importing from "scripts/ui.js" is deprecated and will be removed in v1.34.
  [Console-warning] [ComfyUI Notice] "extensions/core/widgetInputs.js" is an internal module, not part of the public API. Future updates may break this import.
  [Console-warning] [ComfyUI Notice] "scripts/utils.js" is an internal module, not part of the public API. Future updates may break this import.
  [Console-warning] [MaskEditor] ComfyApp.open_maskeditor is deprecated. Plugins should migrate to using the command system or direct node context menu integration.
  [Console-warning] [ComfyUI Deprecated] Importing from "scripts/ui/components/buttonGroup.js" is deprecated and will be removed in v1.34.
  [Console-warning] [ComfyUI Deprecated] Importing from "scripts/ui/components/button.js" is deprecated and will be removed in v1.34.
  Frame 1 saved (frame_000.jpg, t=0.0s)
  Validating workflow...
  Queuing workflow for execution...
  Node executed (1 total), capturing...
  Frame 2 saved (frame_001.jpg, t=13.0s)
  [capture-node] freeze=20ms shot=345ms unfreeze=18ms saved=True
  Node executed (2 total), capturing...
  Frame 3 saved (frame_002.jpg, t=13.8s)
  [capture-node] freeze=4ms shot=361ms unfreeze=21ms saved=True
  [capture-loop] iter=50 t=22.4s state={'complete': False, 'error': None, 'executedCount': 2, 'wsState': 1} eval_ms=20
  [capture-loop] iter=100 t=31.1s state={'complete': False, 'error': None, 'executedCount': 2, 'wsState': 1} eval_ms=17
  [capture-loop] iter=150 t=40.2s state={'complete': False, 'error': None, 'executedCount': 2, 'wsState': 1} eval_ms=25
  [capture-loop] iter=200 t=48.9s state={'complete': False, 'error': None, 'executedCount': 2, 'wsState': 1} eval_ms=17
  [capture-loop] iter=250 t=57.6s state={'complete': False, 'error': None, 'executedCount': 2, 'wsState': 1} eval_ms=19
  [capture-loop] iter=300 t=66.7s state={'complete': False, 'error': None, 'executedCount': 2, 'wsState': 1} eval_ms=23
  [capture-loop] iter=350 t=75.3s state={'complete': False, 'error': None, 'executedCount': 2, 'wsState': 1} eval_ms=17
  [capture-loop] iter=400 t=83.8s state={'complete': False, 'error': None, 'executedCount': 2, 'wsState': 1} eval_ms=16
  [capture-loop] iter=450 t=92.0s state={'complete': False, 'error': None, 'executedCount': 2, 'wsState': 1} eval_ms=16
  [capture-loop] iter=500 t=100.3s state={'complete': False, 'error': None, 'executedCount': 2, 'wsState': 1} eval_ms=19
  Frame 4 saved (frame_003.jpg, t=108.2s)
  [capture-periodic] freeze=20ms shot=449ms unfreeze=17ms saved=True
  [capture-loop] iter=550 t=109.1s state={'complete': False, 'error': None, 'executedCount': 2, 'wsState': 1} eval_ms=18
  [capture-loop] iter=600 t=117.8s state={'complete': False, 'error': None, 'executedCount': 2, 'wsState': 1} eval_ms=25
  [capture-loop] iter=650 t=126.4s state={'complete': False, 'error': None, 'executedCount': 2, 'wsState': 1} eval_ms=21
  Frame 5 saved (frame_004.jpg, t=129.0s)
  [capture-periodic] freeze=16ms shot=428ms unfreeze=19ms saved=True
  [capture-loop] iter=700 t=135.4s state={'complete': False, 'error': None, 'executedCount': 2, 'wsState': 1} eval_ms=21
  Node executed (3 total), capturing...
  Frame 6 saved (frame_005.jpg, t=136.1s)
  [capture-node] freeze=17ms shot=344ms unfreeze=16ms saved=True
  Node executed (4 total), capturing...
  [capture-node] freeze=17ms shot=352ms unfreeze=20ms saved=False
  [capture-loop] iter=750 t=145.0s state={'complete': False, 'error': None, 'executedCount': 4, 'wsState': 1} eval_ms=19
  Frame 7 saved (frame_006.jpg, t=152.0s)
  [capture-periodic] freeze=18ms shot=360ms unfreeze=17ms saved=True
  [capture-loop] iter=800 t=153.3s state={'complete': False, 'error': None, 'executedCount': 4, 'wsState': 1} eval_ms=19
  [capture-loop] iter=850 t=161.4s state={'complete': False, 'error': None, 'executedCount': 4, 'wsState': 1} eval_ms=18
  [capture-loop] iter=900 t=170.2s state={'complete': False, 'error': None, 'executedCount': 4, 'wsState': 1} eval_ms=19
  [capture-loop] iter=950 t=178.6s state={'complete': False, 'error': None, 'executedCount': 4, 'wsState': 1} eval_ms=20
  [capture-loop] iter=1000 t=186.9s state={'complete': False, 'error': None, 'executedCount': 4, 'wsState': 1} eval_ms=18
  [capture-loop] iter=1050 t=195.6s state={'complete': False, 'error': None, 'executedCount': 4, 'wsState': 1} eval_ms=20
  [capture-loop] iter=1100 t=203.9s state={'complete': False, 'error': None, 'executedCount': 4, 'wsState': 1} eval_ms=19
  [capture-loop] iter=1150 t=212.2s state={'complete': False, 'error': None, 'executedCount': 4, 'wsState': 1} eval_ms=23
  Node executed (5 total), capturing...
  Frame 8 saved (frame_007.jpg, t=217.2s)
  [capture-node] freeze=20ms shot=513ms unfreeze=24ms saved=True
  [capture-loop] iter=1200 t=221.7s state={'complete': False, 'error': None, 'executedCount': 5, 'wsState': 1} eval_ms=22
  [capture-loop] iter=1250 t=230.4s state={'complete': False, 'error': None, 'executedCount': 5, 'wsState': 1} eval_ms=19
  [capture-loop] iter=1300 t=239.1s state={'complete': False, 'error': None, 'executedCount': 5, 'wsState': 1} eval_ms=16
  [capture-loop] iter=1350 t=247.5s state={'complete': False, 'error': None, 'executedCount': 5, 'wsState': 1} eval_ms=18
  [capture-loop] iter=1400 t=255.8s state={'complete': False, 'error': None, 'executedCount': 5, 'wsState': 1} eval_ms=22
  [capture-loop] iter=1450 t=264.8s state={'complete': False, 'error': None, 'executedCount': 5, 'wsState': 1} eval_ms=20
  [capture-loop] iter=1500 t=273.2s state={'complete': False, 'error': None, 'executedCount': 5, 'wsState': 1} eval_ms=19
  [capture-loop] iter=1550 t=281.4s state={'complete': False, 'error': None, 'executedCount': 5, 'wsState': 1} eval_ms=31
  Node executed (6 total), capturing...
  Frame 9 saved (frame_008.jpg, t=283.9s)
  [capture-node] freeze=48ms shot=382ms unfreeze=0ms saved=True
  Execution complete (t=283.9s)
  [3d-wait] Phase 1: Waiting for 'Loading 3D Model' text to disappear...
  [3d-wait] Phase 1 exception after 60.0s: Page.wait_for_function: Timeout 60000ms exceeded.
  [3d-wait] Phase 2: iframes=0
  [3d-wait] Total 3D wait: 60.1s
  Captured 9 unique frames over 344.64s
  [debug] iframes: 0
  [timing] trigger_3d_previews: 0.0s
  Saved high-quality screenshot: multiple_masks_depthcorrected_executed.png
  [timing] final_screenshot: 2.5s
    Captured 10 video frames