Capturing execution frames: rigging.json
  [Console-error] Failed to load resource: the server responded with a status of 404 (Not Found)
  [Console-error] Failed to load resource: the server responded with a status of 404 (Not Found)
  [Console-error] Failed to load resource: the server responded with a status of 404 (Not Found)
  [Console-error] Failed to load resource: the server responded with a status of 404 (Not Found)
  [Console-error] Failed to load resource: the server responded with a status of 404 (Not Found)
  [Console-error] Failed to load resource: the server responded with a status of 404 (Not Found)
  [Console-warning] Extension KJNodes.browserstatus is disabled.
  [Console-warning] WARNING: Multiple instances of Three.js being imported.
  [Console-warning] WARNING: Multiple instances of Three.js being imported.
  [Console-error] [vite:preloadError] Error: Extension named 'Comfy.DynamicWidgets' already registered.
    at Proxy.registerExtension (http://127.0.0.1:8288/assets/PanelTemplate-BUPnglF3.js:1:7530)
    at Proxy.wrappedAction (http://127.0.0.1:8288/assets/vendor-vue-BAQ5VIVR.js:1:4647)
    at Object.registerExtension (http://127.0.0.1:8288/assets/dialogService-Cr3DyAja.js:3:110199)
    at ComfyApp.registerExtension (http://127.0.0.1:8288/assets/dialogService-Cr3DyAja.js:192:20543)
    at http://127.0.0.1:8288/extensions/ComfyUI-GeometryPack/js/dynamic_widgets.js:125:5
  [Console-error] [vite:preloadError] Error: Extension named 'comfy3d.pointcloud.vtk' already registered.
    at Proxy.registerExtension (http://127.0.0.1:8288/assets/PanelTemplate-BUPnglF3.js:1:7530)
    at Proxy.wrappedAction (http://127.0.0.1:8288/assets/vendor-vue-BAQ5VIVR.js:1:4647)
    at Object.registerExtension (http://127.0.0.1:8288/assets/dialogService-Cr3DyAja.js:3:110199)
    at ComfyApp.registerExtension (http://127.0.0.1:8288/assets/dialogService-Cr3DyAja.js:192:20543)
    at http://127.0.0.1:8288/extensions/ComfyUI-GeometryPack/js/pointcloud_preview_vtk.js:13:5
  [Console-error] Failed to load resource: the server responded with a status of 404 (Not Found)
  [Console-warning] [ComfyUI Deprecated] Importing from "scripts/ui.js" is deprecated and will be removed in v1.34.
  [Console-warning] [ComfyUI Notice] "extensions/core/widgetInputs.js" is an internal module, not part of the public API. Future updates may break this import.
  [Console-warning] [ComfyUI Notice] "scripts/utils.js" is an internal module, not part of the public API. Future updates may break this import.
  [Console-warning] [MaskEditor] ComfyApp.open_maskeditor is deprecated. Plugins should migrate to using the command system or direct node context menu integration.
  [Console-warning] [ComfyUI Deprecated] Importing from "scripts/ui/components/buttonGroup.js" is deprecated and will be removed in v1.34.
  [Console-warning] [ComfyUI Deprecated] Importing from "scripts/ui/components/button.js" is deprecated and will be removed in v1.34.
  Frame 1 saved (frame_000.jpg, t=0.0s)
  Validating workflow...
  Queuing workflow for execution...
  Frame 2 saved (frame_001.jpg, t=3.2s)
  [capture-periodic] freeze=28ms shot=384ms unfreeze=22ms saved=True
  [capture-loop] iter=50 t=9.7s state={'complete': False, 'error': None, 'executedCount': 0, 'wsState': 1} eval_ms=23
  [capture-loop] iter=100 t=18.1s state={'complete': False, 'error': None, 'executedCount': 0, 'wsState': 1} eval_ms=20
  Frame 3 saved (frame_002.jpg, t=18.3s)
  [capture-periodic] freeze=17ms shot=372ms unfreeze=18ms saved=True
  [capture-loop] iter=150 t=26.9s state={'complete': False, 'error': None, 'executedCount': 0, 'wsState': 1} eval_ms=16
  [capture-loop] iter=200 t=35.4s state={'complete': False, 'error': None, 'executedCount': 0, 'wsState': 1} eval_ms=27
  [capture-loop] iter=250 t=44.1s state={'complete': False, 'error': None, 'executedCount': 0, 'wsState': 1} eval_ms=23
  [capture-loop] iter=300 t=52.7s state={'complete': False, 'error': None, 'executedCount': 0, 'wsState': 1} eval_ms=48
  [capture-loop] iter=350 t=61.0s state={'complete': False, 'error': None, 'executedCount': 0, 'wsState': 1} eval_ms=22
  [capture-loop] iter=400 t=69.7s state={'complete': False, 'error': None, 'executedCount': 0, 'wsState': 1} eval_ms=22
  Frame 4 saved (frame_003.jpg, t=76.2s)
  [capture-periodic] freeze=21ms shot=362ms unfreeze=23ms saved=True
  [capture-loop] iter=450 t=78.3s state={'complete': False, 'error': None, 'executedCount': 0, 'wsState': 1} eval_ms=19
  [capture-loop] iter=500 t=87.1s state={'complete': False, 'error': None, 'executedCount': 0, 'wsState': 1} eval_ms=22
  Node executed (1 total), capturing...
  Frame 5 saved (frame_004.jpg, t=88.2s)
  [capture-node] freeze=81ms shot=396ms unfreeze=23ms saved=True
  Node executed (2 total), capturing...
  Frame 6 saved (frame_005.jpg, t=89.0s)
  [capture-node] freeze=20ms shot=3313ms unfreeze=0ms saved=True
  Execution complete (t=89.1s)
  [3d-wait] Phase 1: Waiting for 'Loading 3D Model' text to disappear...
  [3d-wait] Phase 1 done in 0.0s
  [3d-wait] Phase 2: iframes=1
  [3d-wait] iframe viewer_ready=False (matched 0 console logs)
  [3d-wait] Waiting for 'Loaded successfully' console message (timeout=60s)...
  [3d-wait] iframe wait exception: Timeout 60000ms exceeded while waiting for event "console"
=========================== logs ===========================
waiting for event "console"
============================================================
  [3d-wait] Total 3D wait: 60.2s
  Captured 6 unique frames over 152.76s
  [debug] iframes: 1
  [debug]   iframe[0]: src=http://127.0.0.1:8288/extensions/ComfyUI-GeometryPack/viewer_fbx.html?v=17719182, canvas=1176x1836, rafFrozen=True
  [timing] trigger_3d_previews: 0.0s
  Saved high-quality screenshot: rigging_executed.png
  [timing] final_screenshot: 2.2s
    Captured 7 video frames