[00:00] Crash dump logging enabled: /Users/runner/work/ComfyUI-SAM3DBody/ComfyUI-SAM3DBody/comfy-test-logs/SAM3DBody-2142/macos-cpu/crash_dump.log
[00:00] 
[00:00] [1/3] REGISTRATION
[00:00] ----------------------------------------
[00:00] [DEBUG] server=None, server_url=http://127.0.0.1:8188, api=None
[00:00] 
Connecting to existing server at http://127.0.0.1:8188...
[00:00] Connecting to existing server at http://127.0.0.1:8188...
[00:00] Connected to server! (attempt 1, 0.0s)
[00:00] Checking for import errors in server logs...
[00:00] No import errors detected
[00:00] Found 657 registered nodes
[00:00] [REGISTRATION] PASSED
[00:00] 
[00:00] [2/3] INSTANTIATION
[00:00] ----------------------------------------
[00:00] [DEBUG] server=<comfy_test.comfyui.server.ExternalComfyUIServer object at 0x1028b4590>, server_url=http://127.0.0.1:8188, api=<comfy_test.comfyui.api.ComfyUIAPI object at 0x1028b46e0>
[00:00] Testing node constructors...
[00:09] All 15 node(s) instantiated successfully!
[00:09] [INSTANTIATION] PASSED
[00:09] 
[00:09] [3/3] EXECUTION
[00:09] ----------------------------------------
[00:09] [DEBUG] server=<comfy_test.comfyui.server.ExternalComfyUIServer object at 0x1028b4590>, server_url=http://127.0.0.1:8188, api=<comfy_test.comfyui.api.ComfyUIAPI object at 0x1028b46e0>
[00:09] CPU runner - will execute 1 workflow(s)
[00:09] Running 5 workflow(s) (all with videos)...
[00:13]   [1/5] SKIPPED (not in cpu list) multiple_masks.json
[00:14]   [2/5] SKIPPED (not in cpu list) multiple_masks_depthcorrected.json
[01:27]   [4/5] SKIPPED (not in cpu list) rigging.json
[01:29]   [5/5] SKIPPED (not in cpu list) workflow.json
[01:30] Results saved to /Users/runner/work/ComfyUI-SAM3DBody/ComfyUI-SAM3DBody/comfy-test-logs/SAM3DBody-2142/macos-cpu/results.json
[01:30] Saved: /Users/runner/work/ComfyUI-SAM3DBody/ComfyUI-SAM3DBody/comfy-test-logs/SAM3DBody-2142/macos-cpu/index.html
[01:30] [EXECUTION] PASSED
[01:30] 
macos: PASSED
