Capturing execution frames: multiple_masks_depthcorrected.json
  Validating workflow...
  [ComfyUI] === /validate endpoint called ===
  [ComfyUI] Received JSON with keys: ['prompt']
  [ComfyUI] Prompt has 16 nodes
  [ComfyUI]   Node 4: PreviewImage
  [ComfyUI]     Inputs: {"images": ["16", 1]}
  [ComfyUI]   Node 16: SAM3DBodyProcessMultiple
  [ComfyUI]     Inputs: {"inference_type": "full", "adjust_position_from_depth": true, "model": ["24", 0], "image": ["36", 0], "masks": ["39", 0], "depth_map": ["40", 0], "intrinsics": ["40", 9], "depth_confidence": ["40", 1
  [ComfyUI]   Node 18: SAM3DBodyExportMultipleFBX
  [ComfyUI]     Inputs: {"output_filename": "sam3d_multi_rigged.fbx", "combine": true, "multi_mesh_data": ["16", 0]}
  [ComfyUI]   Node 24: LoadSAM3DBodyModel
  [ComfyUI]     Inputs: {"model_path": "/home/shadeform/sam3dbody/ComfyUI/models/sam3dbody"}
  [ComfyUI]   Node 29: Preview3D
  [ComfyUI]     Inputs: {"model_file": ["18", 0], "image": "", "camera_info": ["60", 0]}
  [ComfyUI]   Node 35: MultibandLoad
  [ComfyUI]     Inputs: {"image": "fellowship.npz", "normalize": true}
  [ComfyUI]   Node 36: MultibandToImage
  [ComfyUI]     Inputs: {"channels": "0,1,2", "multiband": ["35", 0]}
  [ComfyUI]   Node 39: MultibandToMasks
  [ComfyUI]     Inputs: {"channels": "0", "auto_detect_masks": true, "multiband": ["35", 0]}
  [ComfyUI]   Node 40: DepthAnything_V3
  [ComfyUI]     Inputs: {"normalization_mode": "Raw", "resize_method": "resize", "invert_depth": false, "keep_model_size": false, "da3_model": ["41", 0], "images": ["36", 0]}
  [ComfyUI]   Node 41: DownloadAndLoadDepthAnythingV3Model
  [ComfyUI]     Inputs: {"model": "da3_giant.safetensors", "precision": "auto"}
  [ComfyUI]   Node 43: MaskPreview
  [ComfyUI]     Inputs: {"mask": ["39", 0]}
  [ComfyUI]   Node 44: PreviewImage
  [ComfyUI]     Inputs: {"images": ["36", 0]}
  [ComfyUI]   Node 46: PreviewAny
  [ComfyUI]     Inputs: {"preview": "", "previewMode": null, "source": ["40", 9]}
  [ComfyUI]   Node 58: LoadImageDataSetFromFolder
  [ComfyUI]     Inputs: {"folder": "3d"}
  [ComfyUI]   Node 59: PreviewAny
  [ComfyUI]     Inputs: {"preview": "", "previewMode": null, "source": ["40", 8]}
  [ComfyUI]   Node 60: CreateLoad3DCamera
  [ComfyUI]     Inputs: {"pos_x": 3, "pos_y": 5.1, "pos_z": 8, "target_x": -0.5, "target_y": 2.1, "target_z": 0.4, "zoom": 3, "camera_type": "perspective"}
  [ComfyUI] Generated prompt_id: 3fae0886-69b3-475b-9f37-0dc8ecece88b
  [ComfyUI] Calling execution.validate_prompt()...
  [ComfyUI] Validation result: valid=True
  [ComfyUI] === Validation PASSED ===
  Queuing workflow for execution...
  [ComfyUI] got prompt
  [ComfyUI] [DepthAnythingV3] INFO: Downloading model to: /home/runner/work/ComfyUI-SAM3DBody/ComfyUI-SAM3DBody/.comfy-test-env/ComfyUI/models/depthanything3/da3_giant.safetensors
  [ComfyUI] [SAM3DBody] Running prestartup script...
  [ComfyUI] 
  [ComfyUI] Fetching 1 files:   0%|          | 0/1 [00:00<?, ?it/s]/opt/hostedtoolcache/Python/3.11.14/x64/lib/python3.11/site-packages/huggingface_hub/file_download.py:979: UserWarning: `local_dir_use_symlinks` parameter is deprecated and will be ignored. The process to download files to a local folder has been updated and do not rely on symlinks anymore. You only need to pass a destination folder as`local_dir`.
  [ComfyUI] For more details, check out https://huggingface.co/docs/huggingface_hub/main/en/guides/download#download-files-to-local-folder.
  [ComfyUI]   warnings.warn(
  [ComfyUI] 
  [ComfyUI] Fetching 1 files: 100%|██████████| 1/1 [00:14<00:00, 14.13s/it]
  [ComfyUI] Fetching 1 files: 100%|██████████| 1/1 [00:14<00:00, 14.13s/it]
  [ComfyUI] [DepthAnythingV3] INFO: Loading model from: /home/runner/work/ComfyUI-SAM3DBody/ComfyUI-SAM3DBody/.comfy-test-env/ComfyUI/models/depthanything3/da3_giant.safetensors
  [ComfyUI] [DepthAnythingV3] INFO: using SwiGLU layer as FFN
  [ComfyUI] [DepthAnythingV3] INFO: Built GS head and adapter for Giant model (Gaussian splatting enabled)
  [ComfyUI] [DepthAnythingV3] INFO: Input image size: 497x1200
  [ComfyUI] [DepthAnythingV3] INFO: Model input size (after resize): 504x1204
  [ComfyUI] [DepthAnythingV3] INFO: Model supports 3D Gaussians - will output raw Gaussians
  [ComfyUI] [DepthAnythingV3] INFO: Model output intrinsics (batch 0): shape=torch.Size([1, 1, 3, 3]), values=
  [ComfyUI] tensor([[2.9869e+03, 0.0000e+00, 6.0200e+02],
  [ComfyUI]         [0.0000e+00, 2.6462e+03, 2.5200e+02],
  [ComfyUI]         [0.0000e+00, 0.0000e+00, 1.0000e+00]])
  [ComfyUI] [DepthAnythingV3] INFO: Resizing from 504x1204 to 496x1200, scale: h=0.9841, w=0.9967
  [ComfyUI] [DepthAnythingV3] INFO: Scaled intrinsics (batch 0):
  [ComfyUI] tensor([[2.9770e+03, 0.0000e+00, 6.0000e+02],
  [ComfyUI]         [0.0000e+00, 2.6042e+03, 2.4800e+02],
  [ComfyUI]         [0.0000e+00, 0.0000e+00, 1.0000e+00]])
  [ComfyUI] [DepthAnythingV3] INFO: Normalized coordinates: center offset=[-0.00745214  0.01510927  2.5329251 ], scale_factor=267.7642
  [ComfyUI] [DepthAnythingV3] INFO: Saved raw Gaussians (606816 points) to: /home/runner/work/ComfyUI-SAM3DBody/ComfyUI-SAM3DBody/.comfy-test-env/ComfyUI/output/gaussians_raw_0000.ply
  [ComfyUI] !!! Exception during processing !!!
  [ComfyUI] [SAM3DBody] Download failed.
  [ComfyUI] 
  [ComfyUI] Please manually download from:
  [ComfyUI]   https://huggingface.co/jetjodh/sam-3d-body-dinov3
  [ComfyUI] 
  [ComfyUI] And place the model files at:
  [ComfyUI]   /home/runner/work/ComfyUI-SAM3DBody/ComfyUI-SAM3DBody/.comfy-test-env/ComfyUI/models/sam3dbody/
  [ComfyUI]     ├── model.ckpt          (SAM 3D Body checkpoint)
  [ComfyUI]     ├── model_config.yaml   (model configuration)
  [ComfyUI]     └── assets/
  [ComfyUI]         └── mhr_model.pt    (Momentum Human Rig model)
  [ComfyUI] 
  [ComfyUI] Download error: [Errno 13] Permission denied: '/home/shadeform'
  [ComfyUI] Traceback (most recent call last):
  [ComfyUI]   File "/home/runner/work/ComfyUI-SAM3DBody/ComfyUI-SAM3DBody/.comfy-test-env/ComfyUI/custom_nodes/ComfyUI-SAM3DBody/nodes/processing/load_model.py", line 63, in load_model
  [ComfyUI]     os.makedirs(model_path, exist_ok=True)
  [ComfyUI]   File "<frozen os>", line 215, in makedirs
  [ComfyUI]   File "<frozen os>", line 215, in makedirs
  [ComfyUI]   File "<frozen os>", line 215, in makedirs
  [ComfyUI]   [Previous line repeated 1 more time]
  [ComfyUI]   File "<frozen os>", line 225, in makedirs
  [ComfyUI] PermissionError: [Errno 13] Permission denied: '/home/shadeform'
  [ComfyUI] 
  [ComfyUI] The above exception was the direct cause of the following exception:
  [ComfyUI] 
  [ComfyUI] Traceback (most recent call last):
  [ComfyUI]   File "/home/runner/work/ComfyUI-SAM3DBody/ComfyUI-SAM3DBody/.comfy-test-env/ComfyUI/execution.py", line 518, in execute
  [ComfyUI]     output_data, output_ui, has_subgraph, has_pending_tasks = await get_output_data(prompt_id, unique_id, obj, input_data_all, execution_block_cb=execution_block_cb, pre_execute_cb=pre_execute_cb, v3_data=v3_data)
  [ComfyUI]                                                               ^^^^^^^^^^^^^^^^^^^^^^^^^^^^^^^^^^^^^^^^^^^^^^^^^^^^^^^^^^^^^^^^^^^^^^^^^^^^^^^^^^^^^^^^^^^^^^^^^^^^^^^^^^^^^^^^^^^^^^^^^^^^^^^^^^^^^^^^^^^^^^^^^^^^^^^
  [ComfyUI]   File "/home/runner/work/ComfyUI-SAM3DBody/ComfyUI-SAM3DBody/.comfy-test-env/ComfyUI/execution.py", line 329, in get_output_data
  [ComfyUI]     return_values = await _async_map_node_over_list(prompt_id, unique_id, obj, input_data_all, obj.FUNCTION, allow_interrupt=True, execution_block_cb=execution_block_cb, pre_execute_cb=pre_execute_cb, v3_data=v3_data)
  [ComfyUI]                     ^^^^^^^^^^^^^^^^^^^^^^^^^^^^^^^^^^^^^^^^^^^^^^^^^^^^^^^^^^^^^^^^^^^^^^^^^^^^^^^^^^^^^^^^^^^^^^^^^^^^^^^^^^^^^^^^^^^^^^^^^^^^^^^^^^^^^^^^^^^^^^^^^^^^^^^^^^^^^^^^^^^^^^^^^^^^^^^^^^^^^^^^^^^^^^^^^^^^^
  [ComfyUI]   File "/home/runner/work/ComfyUI-SAM3DBody/ComfyUI-SAM3DBody/.comfy-test-env/ComfyUI/execution.py", line 303, in _async_map_node_over_list
  [ComfyUI]     await process_inputs(input_dict, i)
  [ComfyUI]   File "/home/runner/work/ComfyUI-SAM3DBody/ComfyUI-SAM3DBody/.comfy-test-env/ComfyUI/execution.py", line 291, in process_inputs
  [ComfyUI]     result = f(**inputs)
  [ComfyUI]              ^^^^^^^^^^^
  [ComfyUI]   File "/home/runner/work/ComfyUI-SAM3DBody/ComfyUI-SAM3DBody/.comfy-test-env/ComfyUI/custom_nodes/ComfyUI-SAM3DBody/nodes/processing/load_model.py", line 71, in load_model
  [ComfyUI]     raise RuntimeError(
  [ComfyUI] RuntimeError:
  [ComfyUI] [SAM3DBody] Download failed.
  [ComfyUI] 
  [ComfyUI] Please manually download from:
  [ComfyUI]   https://huggingface.co/jetjodh/sam-3d-body-dinov3
  [ComfyUI] 
  [ComfyUI] And place the model files at:
  [ComfyUI]   /home/runner/work/ComfyUI-SAM3DBody/ComfyUI-SAM3DBody/.comfy-test-env/ComfyUI/models/sam3dbody/
  [ComfyUI]     ├── model.ckpt          (SAM 3D Body checkpoint)
  [ComfyUI]     ├── model_config.yaml   (model configuration)
  [ComfyUI]     └── assets/
  [ComfyUI]         └── mhr_model.pt    (Momentum Human Rig model)
  [ComfyUI] 
  [ComfyUI] Download error: [Errno 13] Permission denied: '/home/shadeform'
  [ComfyUI] 
  [ComfyUI] Prompt executed in 99.78 seconds
  Execution error: {'prompt_id': 'd423f409-205a-4df6-b723-782de59732e8', 'node_id': '24', 'node_type': 'LoadSAM3DBodyModel', 'executed': ['44', '39', '43', '46', '35', '60', '40', '36', '59', '41'], 'exception_message': "\n[SAM3DBody] Download failed.\n\nPlease manually download from:\n  https://huggingface.co/jetjodh/sam-3d-body-dinov3\n\nAnd place the model files at:\n  /home/runner/work/ComfyUI-SAM3DBody/ComfyUI-SAM3DBody/.comfy-test-env/ComfyUI/models/sam3dbody/\n    ├── model.ckpt          (SAM 3D Body checkpoint)\n    ├── model_config.yaml   (model configuration)\n    └── assets/\n        └── mhr_model.pt    (Momentum Human Rig model)\n\nDownload error: [Errno 13] Permission denied: '/home/shadeform'\n", 'exception_type': 'RuntimeError', 'traceback': ['  File "/home/runner/work/ComfyUI-SAM3DBody/ComfyUI-SAM3DBody/.comfy-test-env/ComfyUI/execution.py", line 518, in execute\n    output_data, output_ui, has_subgraph, has_pending_tasks = await get_output_data(prompt_id, unique_id, obj, input_data_all, execution_block_cb=execution_block_cb, pre_execute_cb=pre_execute_cb, v3_data=v3_data)\n                                                              ^^^^^^^^^^^^^^^^^^^^^^^^^^^^^^^^^^^^^^^^^^^^^^^^^^^^^^^^^^^^^^^^^^^^^^^^^^^^^^^^^^^^^^^^^^^^^^^^^^^^^^^^^^^^^^^^^^^^^^^^^^^^^^^^^^^^^^^^^^^^^^^^^^^^^^^\n', '  File "/home/runner/work/ComfyUI-SAM3DBody/ComfyUI-SAM3DBody/.comfy-test-env/ComfyUI/execution.py", line 329, in get_output_data\n    return_values = await _async_map_node_over_list(prompt_id, unique_id, obj, input_data_all, obj.FUNCTION, allow_interrupt=True, execution_block_cb=execution_block_cb, pre_execute_cb=pre_execute_cb, v3_data=v3_data)\n                    ^^^^^^^^^^^^^^^^^^^^^^^^^^^^^^^^^^^^^^^^^^^^^^^^^^^^^^^^^^^^^^^^^^^^^^^^^^^^^^^^^^^^^^^^^^^^^^^^^^^^^^^^^^^^^^^^^^^^^^^^^^^^^^^^^^^^^^^^^^^^^^^^^^^^^^^^^^^^^^^^^^^^^^^^^^^^^^^^^^^^^^^^^^^^^^^^^^^^^\n', '  File "/home/runner/work/ComfyUI-SAM3DBody/ComfyUI-SAM3DBody/.comfy-test-env/ComfyUI/execution.py", line 303, in _async_map_node_over_list\n    await process_inputs(input_dict, i)\n', '  File "/home/runner/work/ComfyUI-SAM3DBody/ComfyUI-SAM3DBody/.comfy-test-env/ComfyUI/execution.py", line 291, in process_inputs\n    result = f(**inputs)\n             ^^^^^^^^^^^\n', '  File "/home/runner/work/ComfyUI-SAM3DBody/ComfyUI-SAM3DBody/.comfy-test-env/ComfyUI/custom_nodes/ComfyUI-SAM3DBody/nodes/processing/load_model.py", line 71, in load_model\n    raise RuntimeError(\n'], 'current_inputs': {'model_path': ['/home/shadeform/sam3dbody/ComfyUI/models/sam3dbody']}, 'current_outputs': ['44', '18', '39', '43', '46', '16', '35', '4', '58', '24', '40', '36', '60', '59', '29', '41'], 'timestamp': 1769261135278}
  Captured 505 frames over 101.4s
  9 unique frames saved as WebP
  Waiting 5000ms for previews to render...
  Saved high-quality screenshot: multiple_masks_depthcorrected_executed.png
    Captured 10 video frames