Capturing execution frames: rigged_mesh_manipulation.json
  Validating workflow...
  [ComfyUI] === /validate endpoint called ===
  [ComfyUI] Received JSON with keys: ['prompt']
  [ComfyUI] Prompt has 2 nodes
  [ComfyUI]   Node 2: SAM3DBodyPreviewRiggedMesh
  [ComfyUI]     Inputs: {"fbx_output_path": ["4", 0], "preview": ""}
  [ComfyUI]   Node 4: SAM3DBodySelectMesh
  [ComfyUI]     Inputs: {"source_folder": "input", "file_path": "sam3d_rigged.fbx"}
  [ComfyUI] Generated prompt_id: 5d1d2cb5-86a8-4444-861b-aceee3e6408c
  [ComfyUI] Calling execution.validate_prompt()...
  [ComfyUI] Validation result: valid=True
  [ComfyUI] === Validation PASSED ===
  Queuing workflow for execution...
  [ComfyUI] got prompt
  [ComfyUI] Prompt executed in 0.09 seconds
  Captured 4 frames over 2.14s
  4 unique frames saved as WebP
  Waiting 5000ms for previews to render...
  Saved high-quality screenshot: rigged_mesh_manipulation_executed.png
    Captured 5 video frames