Capturing execution frames: rigging.json
  Validating workflow...
  [ComfyUI] === /validate endpoint called ===
  [ComfyUI] Received JSON with keys: ['prompt']
  [ComfyUI] Prompt has 6 nodes
  [ComfyUI]   Node 3: LoadImage
  [ComfyUI]     Inputs: {"image": "masked_dancing.png"}
  [ComfyUI]   Node 4: PreviewImage
  [ComfyUI]     Inputs: {"images": ["10", 2]}
  [ComfyUI]   Node 10: SAM3DBodyProcess
  [ComfyUI]     Inputs: {"bbox_threshold": 0.8, "inference_type": "full", "model": ["15", 0], "image": ["3", 0], "mask": ["3", 1]}
  [ComfyUI]   Node 12: SAM3DBodyExportFBX
  [ComfyUI]     Inputs: {"output_filename": "sam3d_rigged.fbx", "mesh_data": ["10", 0]}
  [ComfyUI]   Node 13: SAM3DBodyPreviewRiggedMesh
  [ComfyUI]     Inputs: {"fbx_output_path": ["12", 0], "preview": ""}
  [ComfyUI]   Node 15: LoadSAM3DBodyModel
  [ComfyUI]     Inputs: {"model_path": "/home/shadeform/sam3dbody/ComfyUI/models/sam3dbody"}
  [ComfyUI] Generated prompt_id: 8d143ba7-9fc0-4d2c-9614-9ed4b99b4150
  [ComfyUI] Calling execution.validate_prompt()...
  [ComfyUI] Validation result: valid=True
  Queuing workflow for execution...
  [ComfyUI] === Validation PASSED ===
  [ComfyUI] got prompt
  [ComfyUI] !!! Exception during processing !!!
  [ComfyUI] [SAM3DBody] Download failed.
  [ComfyUI] 
  [ComfyUI] Please manually download from:
  [ComfyUI]   https://huggingface.co/jetjodh/sam-3d-body-dinov3
  [ComfyUI] 
  [ComfyUI] And place the model files at:
  [ComfyUI]   /home/runner/work/ComfyUI-SAM3DBody/ComfyUI-SAM3DBody/.comfy-test-env/ComfyUI/models/sam3dbody/
  [ComfyUI]     ├── model.ckpt          (SAM 3D Body checkpoint)
  [ComfyUI]     ├── model_config.yaml   (model configuration)
  [ComfyUI]     └── assets/
  [ComfyUI]         └── mhr_model.pt    (Momentum Human Rig model)
  [ComfyUI] 
  [ComfyUI] Download error: [Errno 13] Permission denied: '/home/shadeform'
  [ComfyUI] Traceback (most recent call last):
  [ComfyUI]   File "/home/runner/work/ComfyUI-SAM3DBody/ComfyUI-SAM3DBody/.comfy-test-env/ComfyUI/custom_nodes/ComfyUI-SAM3DBody/nodes/processing/load_model.py", line 63, in load_model
  [ComfyUI]     os.makedirs(model_path, exist_ok=True)
  [ComfyUI]   File "<frozen os>", line 215, in makedirs
  [ComfyUI]   File "<frozen os>", line 215, in makedirs
  [ComfyUI]   File "<frozen os>", line 215, in makedirs
  [ComfyUI]   [Previous line repeated 1 more time]
  [ComfyUI]   File "<frozen os>", line 225, in makedirs
  [ComfyUI] PermissionError: [Errno 13] Permission denied: '/home/shadeform'
  [ComfyUI] 
  [ComfyUI] The above exception was the direct cause of the following exception:
  [ComfyUI] 
  [ComfyUI] Traceback (most recent call last):
  [ComfyUI]   File "/home/runner/work/ComfyUI-SAM3DBody/ComfyUI-SAM3DBody/.comfy-test-env/ComfyUI/execution.py", line 518, in execute
  [ComfyUI]     output_data, output_ui, has_subgraph, has_pending_tasks = await get_output_data(prompt_id, unique_id, obj, input_data_all, execution_block_cb=execution_block_cb, pre_execute_cb=pre_execute_cb, v3_data=v3_data)
  [ComfyUI]                                                               ^^^^^^^^^^^^^^^^^^^^^^^^^^^^^^^^^^^^^^^^^^^^^^^^^^^^^^^^^^^^^^^^^^^^^^^^^^^^^^^^^^^^^^^^^^^^^^^^^^^^^^^^^^^^^^^^^^^^^^^^^^^^^^^^^^^^^^^^^^^^^^^^^^^^^^^
  [ComfyUI]   File "/home/runner/work/ComfyUI-SAM3DBody/ComfyUI-SAM3DBody/.comfy-test-env/ComfyUI/execution.py", line 329, in get_output_data
  [ComfyUI]     return_values = await _async_map_node_over_list(prompt_id, unique_id, obj, input_data_all, obj.FUNCTION, allow_interrupt=True, execution_block_cb=execution_block_cb, pre_execute_cb=pre_execute_cb, v3_data=v3_data)
  [ComfyUI]                     ^^^^^^^^^^^^^^^^^^^^^^^^^^^^^^^^^^^^^^^^^^^^^^^^^^^^^^^^^^^^^^^^^^^^^^^^^^^^^^^^^^^^^^^^^^^^^^^^^^^^^^^^^^^^^^^^^^^^^^^^^^^^^^^^^^^^^^^^^^^^^^^^^^^^^^^^^^^^^^^^^^^^^^^^^^^^^^^^^^^^^^^^^^^^^^^^^^^^^
  [ComfyUI]   File "/home/runner/work/ComfyUI-SAM3DBody/ComfyUI-SAM3DBody/.comfy-test-env/ComfyUI/execution.py", line 303, in _async_map_node_over_list
  [ComfyUI]     await process_inputs(input_dict, i)
  [ComfyUI]   File "/home/runner/work/ComfyUI-SAM3DBody/ComfyUI-SAM3DBody/.comfy-test-env/ComfyUI/execution.py", line 291, in process_inputs
  [ComfyUI]     result = f(**inputs)
  [ComfyUI]              ^^^^^^^^^^^
  [ComfyUI]   File "/home/runner/work/ComfyUI-SAM3DBody/ComfyUI-SAM3DBody/.comfy-test-env/ComfyUI/custom_nodes/ComfyUI-SAM3DBody/nodes/processing/load_model.py", line 71, in load_model
  [ComfyUI]     raise RuntimeError(
  [ComfyUI] RuntimeError:
  [ComfyUI] [SAM3DBody] Download failed.
  [ComfyUI] 
  [ComfyUI] Please manually download from:
  [ComfyUI]   https://huggingface.co/jetjodh/sam-3d-body-dinov3
  [ComfyUI] 
  [ComfyUI] And place the model files at:
  [ComfyUI]   /home/runner/work/ComfyUI-SAM3DBody/ComfyUI-SAM3DBody/.comfy-test-env/ComfyUI/models/sam3dbody/
  [ComfyUI]     ├── model.ckpt          (SAM 3D Body checkpoint)
  [ComfyUI]     ├── model_config.yaml   (model configuration)
  [ComfyUI]     └── assets/
  [ComfyUI]         └── mhr_model.pt    (Momentum Human Rig model)
  [ComfyUI] 
  [ComfyUI] Download error: [Errno 13] Permission denied: '/home/shadeform'
  [ComfyUI] 
  [ComfyUI] Prompt executed in 0.23 seconds
  Execution error: {'prompt_id': '8a5d4ddc-7549-478c-be1e-3167c5133d3b', 'node_id': '15', 'node_type': 'LoadSAM3DBodyModel', 'executed': ['3'], 'exception_message': "\n[SAM3DBody] Download failed.\n\nPlease manually download from:\n  https://huggingface.co/jetjodh/sam-3d-body-dinov3\n\nAnd place the model files at:\n  /home/runner/work/ComfyUI-SAM3DBody/ComfyUI-SAM3DBody/.comfy-test-env/ComfyUI/models/sam3dbody/\n    ├── model.ckpt          (SAM 3D Body checkpoint)\n    ├── model_config.yaml   (model configuration)\n    └── assets/\n        └── mhr_model.pt    (Momentum Human Rig model)\n\nDownload error: [Errno 13] Permission denied: '/home/shadeform'\n", 'exception_type': 'RuntimeError', 'traceback': ['  File "/home/runner/work/ComfyUI-SAM3DBody/ComfyUI-SAM3DBody/.comfy-test-env/ComfyUI/execution.py", line 518, in execute\n    output_data, output_ui, has_subgraph, has_pending_tasks = await get_output_data(prompt_id, unique_id, obj, input_data_all, execution_block_cb=execution_block_cb, pre_execute_cb=pre_execute_cb, v3_data=v3_data)\n                                                              ^^^^^^^^^^^^^^^^^^^^^^^^^^^^^^^^^^^^^^^^^^^^^^^^^^^^^^^^^^^^^^^^^^^^^^^^^^^^^^^^^^^^^^^^^^^^^^^^^^^^^^^^^^^^^^^^^^^^^^^^^^^^^^^^^^^^^^^^^^^^^^^^^^^^^^^\n', '  File "/home/runner/work/ComfyUI-SAM3DBody/ComfyUI-SAM3DBody/.comfy-test-env/ComfyUI/execution.py", line 329, in get_output_data\n    return_values = await _async_map_node_over_list(prompt_id, unique_id, obj, input_data_all, obj.FUNCTION, allow_interrupt=True, execution_block_cb=execution_block_cb, pre_execute_cb=pre_execute_cb, v3_data=v3_data)\n                    ^^^^^^^^^^^^^^^^^^^^^^^^^^^^^^^^^^^^^^^^^^^^^^^^^^^^^^^^^^^^^^^^^^^^^^^^^^^^^^^^^^^^^^^^^^^^^^^^^^^^^^^^^^^^^^^^^^^^^^^^^^^^^^^^^^^^^^^^^^^^^^^^^^^^^^^^^^^^^^^^^^^^^^^^^^^^^^^^^^^^^^^^^^^^^^^^^^^^^\n', '  File "/home/runner/work/ComfyUI-SAM3DBody/ComfyUI-SAM3DBody/.comfy-test-env/ComfyUI/execution.py", line 303, in _async_map_node_over_list\n    await process_inputs(input_dict, i)\n', '  File "/home/runner/work/ComfyUI-SAM3DBody/ComfyUI-SAM3DBody/.comfy-test-env/ComfyUI/execution.py", line 291, in process_inputs\n    result = f(**inputs)\n             ^^^^^^^^^^^\n', '  File "/home/runner/work/ComfyUI-SAM3DBody/ComfyUI-SAM3DBody/.comfy-test-env/ComfyUI/custom_nodes/ComfyUI-SAM3DBody/nodes/processing/load_model.py", line 71, in load_model\n    raise RuntimeError(\n'], 'current_inputs': {'model_path': ['/home/shadeform/sam3dbody/ComfyUI/models/sam3dbody']}, 'current_outputs': ['12', '3', '13', '4', '15', '10'], 'timestamp': 1769261172524}
  Captured 4 frames over 2.34s
  4 unique frames saved as WebP
  Waiting 5000ms for previews to render...
  Saved high-quality screenshot: rigging_executed.png
    Captured 5 video frames