[00:00] Crash dump logging enabled: C:\github-runners\PozzettiAndrea-ComfyUI-SAM3DBody-portable\_work\ComfyUI-SAM3DBody\ComfyUI-SAM3DBody\comfy-test-logs\SAM3DBody-0139\windows_portable-gpu\crash_dump.log
[00:00] 
[00:00] [1/3] REGISTRATION
[00:00] ----------------------------------------
[00:00] [DEBUG] server=None, server_url=http://127.0.0.1:8188, api=None
[00:00] 
Connecting to existing server at http://127.0.0.1:8188...
[00:00] Connecting to existing server at http://127.0.0.1:8188...
[00:00] Connected to server! (attempt 1, 0.0s)
[00:00] Checking for import errors in server logs...
[00:00] No import errors detected
[00:00] Found 984 registered nodes
[00:00] [REGISTRATION] PASSED
[00:00] 
[00:00] [2/3] INSTANTIATION
[00:00] ----------------------------------------
[00:00] [DEBUG] server=<comfy_test.comfyui.server.ExternalComfyUIServer object at 0x0000025951D68EC0>, server_url=http://127.0.0.1:8188, api=<comfy_test.comfyui.api.ComfyUIAPI object at 0x0000025951D69010>
[00:00] Testing node constructors...
[00:23] All 15 node(s) instantiated successfully!
[00:23] [INSTANTIATION] PASSED
[00:23] 
[00:23] [3/3] EXECUTION
[00:23] ----------------------------------------
[00:23] [DEBUG] server=<comfy_test.comfyui.server.ExternalComfyUIServer object at 0x0000025951D68EC0>, server_url=http://127.0.0.1:8188, api=<comfy_test.comfyui.api.ComfyUIAPI object at 0x0000025951D69010>
[00:23] GPU runner - will execute 4 workflow(s)
[00:23] Running 5 workflow(s) (all with videos)...
[00:23] Starting headless browser...
[00:33]   GPU + Vulkan detected — using ANGLE/Vulkan rendering
[00:39] Capturing execution frames: multiple_masks.json
[00:41]   [Console-error] Failed to load resource: the server responded with a status of 404 (Not Found)
[00:41]   [Console-error] Failed to load resource: the server responded with a status of 404 (Not Found)
[00:45]   [Console-error] Failed to load resource: the server responded with a status of 404 (Not Found)
[00:45]   [Console-error] Failed to load resource: the server responded with a status of 404 (Not Found)
[00:46]   [Console-error] Failed to load resource: the server responded with a status of 404 (Not Found)
[00:47]   [Console-warning] Extension KJNodes.browserstatus is disabled.
[00:48]   [Console-warning] WARNING: Multiple instances of Three.js being imported.
[00:48]   [Console-warning] WARNING: Multiple instances of Three.js being imported.
[00:48]   [Console-error] Error loading extension /extensions/ComfyUI-GeometryPack/js/dynamic_widgets.js Error: Extension named 'Comfy.DynamicWidgets' already registered.
    at Proxy.registerExtension (http://127.0.0.1:8188/assets/index-BFHZsBkN.js:83:1634)
    at Proxy.wrappedAction (http://127.0.0.1:8188/assets/vendor-vue-DaLZjKA7.js:8:5819)
    at Object.registerExtension (http://127.0.0.1:8188/assets/index-BFHZsBkN.js:86:51130)
    at ComfyApp.registerExtension (http://127.0.0.1:8188/assets/index-BFHZsBkN.js:280:21199)
    at http://127.0.0.1:8188/extensions/ComfyUI-GeometryPack/js/dynamic_widgets.js:125:5
[00:48]   [Console-error] Error loading extension /extensions/ComfyUI-GeometryPack/js/pointcloud_preview_vtk.js Error: Extension named 'comfy3d.pointcloud.vtk' already registered.
    at Proxy.registerExtension (http://127.0.0.1:8188/assets/index-BFHZsBkN.js:83:1634)
    at Proxy.wrappedAction (http://127.0.0.1:8188/assets/vendor-vue-DaLZjKA7.js:8:5819)
    at Object.registerExtension (http://127.0.0.1:8188/assets/index-BFHZsBkN.js:86:51130)
    at ComfyApp.registerExtension (http://127.0.0.1:8188/assets/index-BFHZsBkN.js:280:21199)
    at http://127.0.0.1:8188/extensions/ComfyUI-GeometryPack/js/pointcloud_preview_vtk.js:13:5
[00:49]   [Console-error] Failed to load resource: the server responded with a status of 404 (Not Found)
[00:49]   [Console-warning] [ComfyUI Deprecated] Importing from "scripts/ui.js" is deprecated and will be removed in v1.34.
[00:49]   [Console-warning] [ComfyUI Notice] "extensions/core/widgetInputs.js" is an internal module, not part of the public API. Future updates may break this import.
[00:49]   [Console-warning] [ComfyUI Notice] "scripts/utils.js" is an internal module, not part of the public API. Future updates may break this import.
[00:49]   [Console-warning] [MaskEditor] ComfyApp.open_maskeditor is deprecated. Plugins should migrate to using the command system or direct node context menu integration.
[00:51]   [Console-warning] [ComfyUI Deprecated] Importing from "scripts/ui/components/buttonGroup.js" is deprecated and will be removed in v1.34.
[00:51]   [Console-warning] [ComfyUI Deprecated] Importing from "scripts/ui/components/button.js" is deprecated and will be removed in v1.34.
[00:57]   [Console-error] Failed to load resource: the server responded with a status of 404 (Not Found)
[00:57]   [Console-error] Error loading model: zy: fetch for "http://127.0.0.1:8188/api/view?type=output&subfolder=&filename=sam3d_multi_rigged.fbx" responded with 404: Not Found
    at http://127.0.0.1:8188/assets/vendor-three-DH0o8VQ7.js:3824:114758
[00:59]   Frame 1 saved (frame_000.jpg, t=0.0s)
[00:59]   Validating workflow...
[00:59]   Queuing workflow for execution...
[01:02]   Frame 2 saved (frame_001.jpg, t=3.0s)
[01:02]   [capture-periodic] freeze=19ms shot=394ms unfreeze=20ms saved=True
[01:07]   [capture-loop] iter=50 t=9.4s state={'complete': False, 'error': None, 'executedCount': 0, 'wsState': 1} eval_ms=18
[01:16]   [capture-loop] iter=100 t=17.7s state={'complete': False, 'error': None, 'executedCount': 0, 'wsState': 1} eval_ms=26
[01:25]   [capture-loop] iter=150 t=27.0s state={'complete': False, 'error': None, 'executedCount': 0, 'wsState': 1} eval_ms=23
[01:30]   Frame 3 saved (frame_002.jpg, t=31.6s)
[01:30]   [capture-periodic] freeze=103ms shot=535ms unfreeze=27ms saved=True
[01:39]   [capture-loop] iter=200 t=40.4s state={'complete': False, 'error': None, 'executedCount': 0, 'wsState': 1} eval_ms=33
[01:53]   [capture-loop] iter=250 t=55.0s state={'complete': False, 'error': None, 'executedCount': 0, 'wsState': 1} eval_ms=20
[02:06]   [capture-loop] iter=300 t=67.7s state={'complete': False, 'error': None, 'executedCount': 0, 'wsState': 1} eval_ms=38
[02:07]   Frame 4 saved (frame_003.jpg, t=68.0s)
[02:07]   [capture-periodic] freeze=41ms shot=380ms unfreeze=17ms saved=True
[02:09]   Frame 5 saved (frame_004.jpg, t=70.7s)
[02:09]   [capture-periodic] freeze=19ms shot=398ms unfreeze=23ms saved=True
[02:15]   [capture-loop] iter=350 t=76.5s state={'complete': False, 'error': None, 'executedCount': 0, 'wsState': 1} eval_ms=18
[02:23]   [capture-loop] iter=400 t=84.8s state={'complete': False, 'error': None, 'executedCount': 0, 'wsState': 1} eval_ms=20
[02:31]   [capture-loop] iter=450 t=93.2s state={'complete': False, 'error': None, 'executedCount': 0, 'wsState': 1} eval_ms=20
[02:40]   [capture-loop] iter=500 t=102.0s state={'complete': False, 'error': None, 'executedCount': 0, 'wsState': 1} eval_ms=16
[02:48]   [capture-loop] iter=550 t=110.3s state={'complete': False, 'error': None, 'executedCount': 0, 'wsState': 1} eval_ms=18
[02:57]   [capture-loop] iter=600 t=118.6s state={'complete': False, 'error': None, 'executedCount': 0, 'wsState': 1} eval_ms=18
[03:06]   [capture-loop] iter=650 t=127.5s state={'complete': False, 'error': None, 'executedCount': 0, 'wsState': 1} eval_ms=15
[03:08]   Frame 6 saved (frame_005.jpg, t=128.9s)
[03:08]   [capture-periodic] freeze=20ms shot=526ms unfreeze=33ms saved=True
[03:08]   Node executed (1 total), capturing...
[03:09]   Frame 7 saved (frame_006.jpg, t=129.9s)
[03:09]   [capture-node] freeze=22ms shot=477ms unfreeze=45ms saved=True
[03:15]   [capture-loop] iter=700 t=136.9s state={'complete': False, 'error': None, 'executedCount': 1, 'wsState': 1} eval_ms=19
[03:23]   [capture-loop] iter=750 t=145.3s state={'complete': False, 'error': None, 'executedCount': 1, 'wsState': 1} eval_ms=18
[03:32]   [capture-loop] iter=800 t=154.0s state={'complete': False, 'error': None, 'executedCount': 1, 'wsState': 1} eval_ms=18
[03:40]   [capture-loop] iter=850 t=162.3s state={'complete': False, 'error': None, 'executedCount': 1, 'wsState': 1} eval_ms=18
[03:42]   Node executed (2 total), capturing...
[03:43]   Frame 8 saved (frame_007.jpg, t=164.4s)
[03:43]   [capture-node] freeze=17ms shot=450ms unfreeze=0ms saved=True
[03:43]   Execution complete (t=164.4s)
[03:43]   [3d-wait] Phase 1: Waiting for 'Loading 3D Model' text to disappear...
[04:43]   [3d-wait] Phase 1 exception after 60.1s: Page.wait_for_function: Timeout 60000ms exceeded.
[04:43]   [3d-wait] Phase 2: iframes=0
[04:43]   [3d-wait] Total 3D wait: 60.1s
[04:43]   Captured 8 unique frames over 225.2s
[04:43]   [debug] iframes: 0
[04:43]   [timing] trigger_3d_previews: 0.0s
[04:47]   Saved high-quality screenshot: multiple_masks_executed.png
[04:48]   [timing] final_screenshot: 2.2s
[04:49] Capturing execution frames: multiple_masks_depthcorrected.json
[04:50]   [Console-error] Failed to load resource: the server responded with a status of 404 (Not Found)
[04:50]   [Console-error] Failed to load resource: the server responded with a status of 404 (Not Found)
[04:52]   [Console-error] Failed to load resource: the server responded with a status of 404 (Not Found)
[04:52]   [Console-error] Failed to load resource: the server responded with a status of 404 (Not Found)
[04:52]   [Console-error] Failed to load resource: the server responded with a status of 404 (Not Found)
[04:54]   [Console-warning] Extension KJNodes.browserstatus is disabled.
[04:54]   [Console-warning] WARNING: Multiple instances of Three.js being imported.
[04:54]   [Console-warning] WARNING: Multiple instances of Three.js being imported.
[04:54]   [Console-error] Error loading extension /extensions/ComfyUI-GeometryPack/js/dynamic_widgets.js Error: Extension named 'Comfy.DynamicWidgets' already registered.
    at Proxy.registerExtension (http://127.0.0.1:8188/assets/index-BFHZsBkN.js:83:1634)
    at Proxy.wrappedAction (http://127.0.0.1:8188/assets/vendor-vue-DaLZjKA7.js:8:5819)
    at Object.registerExtension (http://127.0.0.1:8188/assets/index-BFHZsBkN.js:86:51130)
    at ComfyApp.registerExtension (http://127.0.0.1:8188/assets/index-BFHZsBkN.js:280:21199)
    at http://127.0.0.1:8188/extensions/ComfyUI-GeometryPack/js/dynamic_widgets.js:125:5
[04:55]   [Console-error] Error loading extension /extensions/ComfyUI-GeometryPack/js/pointcloud_preview_vtk.js Error: Extension named 'comfy3d.pointcloud.vtk' already registered.
    at Proxy.registerExtension (http://127.0.0.1:8188/assets/index-BFHZsBkN.js:83:1634)
    at Proxy.wrappedAction (http://127.0.0.1:8188/assets/vendor-vue-DaLZjKA7.js:8:5819)
    at Object.registerExtension (http://127.0.0.1:8188/assets/index-BFHZsBkN.js:86:51130)
    at ComfyApp.registerExtension (http://127.0.0.1:8188/assets/index-BFHZsBkN.js:280:21199)
    at http://127.0.0.1:8188/extensions/ComfyUI-GeometryPack/js/pointcloud_preview_vtk.js:13:5
[04:55]   [Console-error] Failed to load resource: the server responded with a status of 404 (Not Found)
[04:55]   [Console-warning] [ComfyUI Deprecated] Importing from "scripts/ui.js" is deprecated and will be removed in v1.34.
[04:55]   [Console-warning] [ComfyUI Notice] "extensions/core/widgetInputs.js" is an internal module, not part of the public API. Future updates may break this import.
[04:55]   [Console-warning] [ComfyUI Notice] "scripts/utils.js" is an internal module, not part of the public API. Future updates may break this import.
[04:55]   [Console-warning] [MaskEditor] ComfyApp.open_maskeditor is deprecated. Plugins should migrate to using the command system or direct node context menu integration.
[04:57]   [Console-warning] [ComfyUI Deprecated] Importing from "scripts/ui/components/buttonGroup.js" is deprecated and will be removed in v1.34.
[04:57]   [Console-warning] [ComfyUI Deprecated] Importing from "scripts/ui/components/button.js" is deprecated and will be removed in v1.34.
[05:24]   [Console-warning] Parent element not found
[05:25]   [Console-error] Failed to reload model: TypeError: Cannot read properties of null (reading 'setCameraState')
    at restoreConfigurationsFromNode (http://127.0.0.1:8188/assets/index-BFHZsBkN.js:101:21264)
    at async Proxy.initializeLoad3d (http://127.0.0.1:8188/assets/index-BFHZsBkN.js:101:20110)
[05:27]   Frame 1 saved (frame_000.jpg, t=0.0s)
[05:27]   Validating workflow...
[05:27]   Queuing workflow for execution...
[05:28]   Node executed (1 total), capturing...
[05:28]   Frame 2 saved (frame_001.jpg, t=1.6s)
[05:28]   [capture-node] freeze=23ms shot=392ms unfreeze=20ms saved=True
[05:28]   Node executed (2 total), capturing...
[05:29]   Frame 3 saved (frame_002.jpg, t=2.5s)
[05:29]   [capture-node] freeze=20ms shot=380ms unfreeze=24ms saved=True
[05:37]   [capture-loop] iter=50 t=11.0s state={'complete': False, 'error': None, 'executedCount': 2, 'wsState': 1} eval_ms=20
[05:46]   [capture-loop] iter=100 t=19.6s state={'complete': False, 'error': None, 'executedCount': 2, 'wsState': 1} eval_ms=20
[05:54]   [capture-loop] iter=150 t=28.1s state={'complete': False, 'error': None, 'executedCount': 2, 'wsState': 1} eval_ms=21
[06:03]   [capture-loop] iter=200 t=37.0s state={'complete': False, 'error': None, 'executedCount': 2, 'wsState': 1} eval_ms=19
[06:12]   [capture-loop] iter=250 t=45.5s state={'complete': False, 'error': None, 'executedCount': 2, 'wsState': 1} eval_ms=23
[06:20]   [capture-loop] iter=300 t=54.3s state={'complete': False, 'error': None, 'executedCount': 2, 'wsState': 1} eval_ms=17
[06:29]   [capture-loop] iter=350 t=62.7s state={'complete': False, 'error': None, 'executedCount': 2, 'wsState': 1} eval_ms=18
[06:37]   [capture-loop] iter=400 t=71.1s state={'complete': False, 'error': None, 'executedCount': 2, 'wsState': 1} eval_ms=18
[06:38]   Frame 4 saved (frame_003.jpg, t=71.3s)
[06:38]   [capture-periodic] freeze=20ms shot=450ms unfreeze=23ms saved=True
[06:46]   [capture-loop] iter=450 t=80.3s state={'complete': False, 'error': None, 'executedCount': 2, 'wsState': 1} eval_ms=24
[06:55]   [capture-loop] iter=500 t=88.9s state={'complete': False, 'error': None, 'executedCount': 2, 'wsState': 1} eval_ms=25
[06:59]   Frame 5 saved (frame_004.jpg, t=92.1s)
[06:59]   [capture-periodic] freeze=18ms shot=405ms unfreeze=20ms saved=True
[07:04]   [capture-loop] iter=550 t=97.9s state={'complete': False, 'error': None, 'executedCount': 2, 'wsState': 1} eval_ms=19
[07:07]   Node executed (4 total), capturing...
[07:08]   Frame 6 saved (frame_005.jpg, t=101.0s)
[07:08]   [capture-node] freeze=27ms shot=375ms unfreeze=21ms saved=True
[07:13]   [capture-loop] iter=600 t=107.2s state={'complete': False, 'error': None, 'executedCount': 4, 'wsState': 1} eval_ms=26
[07:22]   [capture-loop] iter=650 t=115.4s state={'complete': False, 'error': None, 'executedCount': 4, 'wsState': 1} eval_ms=14
[07:23]   Frame 7 saved (frame_006.jpg, t=116.1s)
[07:23]   [capture-periodic] freeze=17ms shot=384ms unfreeze=20ms saved=True
[07:30]   [capture-loop] iter=700 t=123.7s state={'complete': False, 'error': None, 'executedCount': 4, 'wsState': 1} eval_ms=19
[07:39]   [capture-loop] iter=750 t=132.5s state={'complete': False, 'error': None, 'executedCount': 4, 'wsState': 1} eval_ms=21
[07:47]   [capture-loop] iter=800 t=140.9s state={'complete': False, 'error': None, 'executedCount': 4, 'wsState': 1} eval_ms=18
[07:56]   [capture-loop] iter=850 t=149.7s state={'complete': False, 'error': None, 'executedCount': 4, 'wsState': 1} eval_ms=20
[08:04]   [capture-loop] iter=900 t=158.2s state={'complete': False, 'error': None, 'executedCount': 4, 'wsState': 1} eval_ms=20
[08:13]   [capture-loop] iter=950 t=166.5s state={'complete': False, 'error': None, 'executedCount': 4, 'wsState': 1} eval_ms=17
[08:21]   [capture-loop] iter=1000 t=175.3s state={'complete': False, 'error': None, 'executedCount': 4, 'wsState': 1} eval_ms=19
[08:30]   [capture-loop] iter=1050 t=183.8s state={'complete': False, 'error': None, 'executedCount': 4, 'wsState': 1} eval_ms=26
[08:31]   Frame 8 saved (frame_007.jpg, t=184.7s)
[08:31]   [capture-periodic] freeze=22ms shot=553ms unfreeze=22ms saved=True
[08:39]   [capture-loop] iter=1100 t=192.6s state={'complete': False, 'error': None, 'executedCount': 4, 'wsState': 1} eval_ms=20
[08:48]   [capture-loop] iter=1150 t=201.6s state={'complete': False, 'error': None, 'executedCount': 4, 'wsState': 1} eval_ms=18
[08:56]   [capture-loop] iter=1200 t=209.9s state={'complete': False, 'error': None, 'executedCount': 4, 'wsState': 1} eval_ms=33
[09:04]   [capture-loop] iter=1250 t=218.1s state={'complete': False, 'error': None, 'executedCount': 4, 'wsState': 1} eval_ms=21
[09:13]   [capture-loop] iter=1300 t=226.9s state={'complete': False, 'error': None, 'executedCount': 4, 'wsState': 1} eval_ms=19
[09:22]   [capture-loop] iter=1350 t=235.4s state={'complete': False, 'error': None, 'executedCount': 4, 'wsState': 1} eval_ms=16
[09:30]   [capture-loop] iter=1400 t=243.7s state={'complete': False, 'error': None, 'executedCount': 4, 'wsState': 1} eval_ms=20
[09:39]   Node executed (6 total), capturing...
[09:40]   Frame 9 saved (frame_008.jpg, t=252.7s)
[09:40]   [capture-node] freeze=50ms shot=592ms unfreeze=0ms saved=True
[09:40]   Execution complete (t=252.7s)
[09:40]   [3d-wait] Phase 1: Waiting for 'Loading 3D Model' text to disappear...
[10:40]   [3d-wait] Phase 1 exception after 60.0s: Page.wait_for_function: Timeout 60000ms exceeded.
[10:40]   [3d-wait] Phase 2: iframes=0
[10:40]   [3d-wait] Total 3D wait: 60.1s
[10:40]   Captured 9 unique frames over 313.6s
[10:40]   [debug] iframes: 0
[10:40]   [timing] trigger_3d_previews: 0.0s
[10:44]   Saved high-quality screenshot: multiple_masks_depthcorrected_executed.png
[10:44]   [timing] final_screenshot: 2.3s
[10:44]   [3/5] SKIPPED (not in gpu list) rigged_mesh_manipulation.json
[10:44] Capturing execution frames: rigging.json
[10:45]   [Console-error] Failed to load resource: the server responded with a status of 404 (Not Found)
[10:45]   [Console-error] Failed to load resource: the server responded with a status of 404 (Not Found)
[10:48]   [Console-error] Failed to load resource: the server responded with a status of 404 (Not Found)
[10:48]   [Console-error] Failed to load resource: the server responded with a status of 404 (Not Found)
[10:49]   [Console-error] Failed to load resource: the server responded with a status of 404 (Not Found)
[10:50]   [Console-warning] Extension KJNodes.browserstatus is disabled.
[10:50]   [Console-warning] WARNING: Multiple instances of Three.js being imported.
[10:51]   [Console-warning] WARNING: Multiple instances of Three.js being imported.
[10:51]   [Console-error] Error loading extension /extensions/ComfyUI-GeometryPack/js/dynamic_widgets.js Error: Extension named 'Comfy.DynamicWidgets' already registered.
    at Proxy.registerExtension (http://127.0.0.1:8188/assets/index-BFHZsBkN.js:83:1634)
    at Proxy.wrappedAction (http://127.0.0.1:8188/assets/vendor-vue-DaLZjKA7.js:8:5819)
    at Object.registerExtension (http://127.0.0.1:8188/assets/index-BFHZsBkN.js:86:51130)
    at ComfyApp.registerExtension (http://127.0.0.1:8188/assets/index-BFHZsBkN.js:280:21199)
    at http://127.0.0.1:8188/extensions/ComfyUI-GeometryPack/js/dynamic_widgets.js:125:5
[10:51]   [Console-error] Error loading extension /extensions/ComfyUI-GeometryPack/js/pointcloud_preview_vtk.js Error: Extension named 'comfy3d.pointcloud.vtk' already registered.
    at Proxy.registerExtension (http://127.0.0.1:8188/assets/index-BFHZsBkN.js:83:1634)
    at Proxy.wrappedAction (http://127.0.0.1:8188/assets/vendor-vue-DaLZjKA7.js:8:5819)
    at Object.registerExtension (http://127.0.0.1:8188/assets/index-BFHZsBkN.js:86:51130)
    at ComfyApp.registerExtension (http://127.0.0.1:8188/assets/index-BFHZsBkN.js:280:21199)
    at http://127.0.0.1:8188/extensions/ComfyUI-GeometryPack/js/pointcloud_preview_vtk.js:13:5
[10:51]   [Console-error] Failed to load resource: the server responded with a status of 404 (Not Found)
[10:51]   [Console-warning] [ComfyUI Deprecated] Importing from "scripts/ui.js" is deprecated and will be removed in v1.34.
[10:51]   [Console-warning] [ComfyUI Notice] "extensions/core/widgetInputs.js" is an internal module, not part of the public API. Future updates may break this import.
[10:51]   [Console-warning] [ComfyUI Notice] "scripts/utils.js" is an internal module, not part of the public API. Future updates may break this import.
[10:51]   [Console-warning] [MaskEditor] ComfyApp.open_maskeditor is deprecated. Plugins should migrate to using the command system or direct node context menu integration.
[10:54]   [Console-warning] [ComfyUI Deprecated] Importing from "scripts/ui/components/buttonGroup.js" is deprecated and will be removed in v1.34.
[10:54]   [Console-warning] [ComfyUI Deprecated] Importing from "scripts/ui/components/button.js" is deprecated and will be removed in v1.34.
[11:20]   [Console-warning] Parent element not found
[11:20]   [Console-error] Failed to reload model: TypeError: Cannot read properties of null (reading 'setCameraState')
    at restoreConfigurationsFromNode (http://127.0.0.1:8188/assets/index-BFHZsBkN.js:101:21264)
    at async Proxy.initializeLoad3d (http://127.0.0.1:8188/assets/index-BFHZsBkN.js:101:20110)
[11:22]   Frame 1 saved (frame_000.jpg, t=0.0s)
[11:22]   Validating workflow...
[11:22]   Queuing workflow for execution...
[11:25]   Frame 2 saved (frame_001.jpg, t=2.9s)
[11:25]   [capture-periodic] freeze=27ms shot=396ms unfreeze=20ms saved=True
[11:31]   [capture-loop] iter=50 t=9.4s state={'complete': False, 'error': None, 'executedCount': 0, 'wsState': 1} eval_ms=21
[11:39]   [capture-loop] iter=100 t=17.8s state={'complete': False, 'error': None, 'executedCount': 0, 'wsState': 1} eval_ms=24
[11:40]   Frame 3 saved (frame_002.jpg, t=18.1s)
[11:40]   [capture-periodic] freeze=17ms shot=354ms unfreeze=21ms saved=True
[11:48]   [capture-loop] iter=150 t=26.5s state={'complete': False, 'error': None, 'executedCount': 0, 'wsState': 1} eval_ms=20
[11:56]   [capture-loop] iter=200 t=35.0s state={'complete': False, 'error': None, 'executedCount': 0, 'wsState': 1} eval_ms=20
[12:05]   [capture-loop] iter=250 t=43.7s state={'complete': False, 'error': None, 'executedCount': 0, 'wsState': 1} eval_ms=21
[12:13]   [capture-loop] iter=300 t=52.1s state={'complete': False, 'error': None, 'executedCount': 0, 'wsState': 1} eval_ms=19
[12:22]   [capture-loop] iter=350 t=60.5s state={'complete': False, 'error': None, 'executedCount': 0, 'wsState': 1} eval_ms=20
[12:31]   [capture-loop] iter=400 t=69.4s state={'complete': False, 'error': None, 'executedCount': 0, 'wsState': 1} eval_ms=20
[12:38]   Frame 4 saved (frame_003.jpg, t=76.0s)
[12:38]   [capture-periodic] freeze=20ms shot=436ms unfreeze=23ms saved=True
[12:38]   Node executed (1 total), capturing...
[12:39]   Frame 5 saved (frame_004.jpg, t=76.9s)
[12:39]   [capture-node] freeze=25ms shot=465ms unfreeze=19ms saved=True
[12:40]   [capture-loop] iter=450 t=78.8s state={'complete': False, 'error': None, 'executedCount': 1, 'wsState': 1} eval_ms=18
[12:48]   [capture-loop] iter=500 t=87.1s state={'complete': False, 'error': None, 'executedCount': 1, 'wsState': 1} eval_ms=21
[12:49]   Node executed (2 total), capturing...
[12:50]   Frame 6 saved (frame_005.jpg, t=88.5s)
[12:50]   [capture-node] freeze=22ms shot=408ms unfreeze=0ms saved=True
[12:50]   Execution complete (t=88.5s)
[12:50]   [3d-wait] Phase 1: Waiting for 'Loading 3D Model' text to disappear...
[12:50]   [3d-wait] Phase 1 done in 0.1s
[12:50]   [3d-wait] Phase 2: iframes=1
[12:50]   [3d-wait] iframe viewer_ready=False (matched 0 console logs)
[12:50]   [3d-wait] Waiting for 'Loaded successfully' console message (timeout=60s)...
[13:50]   [3d-wait] iframe wait exception: Timeout 60000ms exceeded while waiting for event "console"
=========================== logs ===========================
waiting for event "console"
============================================================
[13:50]   [3d-wait] Total 3D wait: 60.2s
[13:50]   Captured 6 unique frames over 149.28s
[13:50]   [debug] iframes: 1
[13:51]   [debug]   iframe[0]: src=http://127.0.0.1:8188/extensions/ComfyUI-GeometryPack/viewer_fbx.html?v=17719194, canvas=1176x1836, rafFrozen=True
[13:51]   [timing] trigger_3d_previews: 0.0s
[13:55]   Saved high-quality screenshot: rigging_executed.png
[13:55]   [timing] final_screenshot: 2.3s
[13:56] Capturing execution frames: workflow.json
[13:57]   [Console-error] Failed to load resource: the server responded with a status of 404 (Not Found)
[13:57]   [Console-error] Failed to load resource: the server responded with a status of 404 (Not Found)
[13:59]   [Console-error] Failed to load resource: the server responded with a status of 404 (Not Found)
[13:59]   [Console-error] Failed to load resource: the server responded with a status of 404 (Not Found)
[13:59]   [Console-error] Failed to load resource: the server responded with a status of 404 (Not Found)
[14:01]   [Console-warning] Extension KJNodes.browserstatus is disabled.
[14:01]   [Console-warning] WARNING: Multiple instances of Three.js being imported.
[14:01]   [Console-warning] WARNING: Multiple instances of Three.js being imported.
[14:01]   [Console-error] Error loading extension /extensions/ComfyUI-GeometryPack/js/dynamic_widgets.js Error: Extension named 'Comfy.DynamicWidgets' already registered.
    at Proxy.registerExtension (http://127.0.0.1:8188/assets/index-BFHZsBkN.js:83:1634)
    at Proxy.wrappedAction (http://127.0.0.1:8188/assets/vendor-vue-DaLZjKA7.js:8:5819)
    at Object.registerExtension (http://127.0.0.1:8188/assets/index-BFHZsBkN.js:86:51130)
    at ComfyApp.registerExtension (http://127.0.0.1:8188/assets/index-BFHZsBkN.js:280:21199)
    at http://127.0.0.1:8188/extensions/ComfyUI-GeometryPack/js/dynamic_widgets.js:125:5
[14:01]   [Console-error] Error loading extension /extensions/ComfyUI-GeometryPack/js/pointcloud_preview_vtk.js Error: Extension named 'comfy3d.pointcloud.vtk' already registered.
    at Proxy.registerExtension (http://127.0.0.1:8188/assets/index-BFHZsBkN.js:83:1634)
    at Proxy.wrappedAction (http://127.0.0.1:8188/assets/vendor-vue-DaLZjKA7.js:8:5819)
    at Object.registerExtension (http://127.0.0.1:8188/assets/index-BFHZsBkN.js:86:51130)
    at ComfyApp.registerExtension (http://127.0.0.1:8188/assets/index-BFHZsBkN.js:280:21199)
    at http://127.0.0.1:8188/extensions/ComfyUI-GeometryPack/js/pointcloud_preview_vtk.js:13:5
[14:02]   [Console-error] Failed to load resource: the server responded with a status of 404 (Not Found)
[14:02]   [Console-warning] [ComfyUI Deprecated] Importing from "scripts/ui.js" is deprecated and will be removed in v1.34.
[14:02]   [Console-warning] [ComfyUI Notice] "extensions/core/widgetInputs.js" is an internal module, not part of the public API. Future updates may break this import.
[14:02]   [Console-warning] [ComfyUI Notice] "scripts/utils.js" is an internal module, not part of the public API. Future updates may break this import.
[14:02]   [Console-warning] [MaskEditor] ComfyApp.open_maskeditor is deprecated. Plugins should migrate to using the command system or direct node context menu integration.
[14:04]   [Console-warning] [ComfyUI Deprecated] Importing from "scripts/ui/components/buttonGroup.js" is deprecated and will be removed in v1.34.
[14:04]   [Console-warning] [ComfyUI Deprecated] Importing from "scripts/ui/components/button.js" is deprecated and will be removed in v1.34.
[14:09]   [Console-error] Failed to load resource: the server responded with a status of 404 (Not Found)
[14:09]   [Console-error] Error loading model: zy: fetch for "http://127.0.0.1:8188/api/view?type=output&subfolder=&filename=output_mesh.stl" responded with 404: Not Found
    at http://127.0.0.1:8188/assets/vendor-three-DH0o8VQ7.js:3824:114758
[14:11]   Frame 1 saved (frame_000.jpg, t=0.0s)
[14:11]   Validating workflow...
[14:11]   Queuing workflow for execution...
[14:14]   Frame 2 saved (frame_001.jpg, t=2.7s)
[14:14]   [capture-periodic] freeze=17ms shot=447ms unfreeze=23ms saved=True
[14:20]   [capture-loop] iter=50 t=9.2s state={'complete': False, 'error': None, 'executedCount': 0, 'wsState': 1} eval_ms=18
[14:27]   Frame 3 saved (frame_002.jpg, t=15.6s)
[14:27]   [capture-periodic] freeze=17ms shot=373ms unfreeze=20ms saved=True
[14:28]   [capture-loop] iter=100 t=17.5s state={'complete': False, 'error': None, 'executedCount': 0, 'wsState': 1} eval_ms=18
[14:37]   [capture-loop] iter=150 t=26.1s state={'complete': False, 'error': None, 'executedCount': 0, 'wsState': 1} eval_ms=20
[14:45]   [capture-loop] iter=200 t=34.4s state={'complete': False, 'error': None, 'executedCount': 0, 'wsState': 1} eval_ms=19
[14:54]   [capture-loop] iter=250 t=42.8s state={'complete': False, 'error': None, 'executedCount': 0, 'wsState': 1} eval_ms=19
[15:02]   [capture-loop] iter=300 t=51.5s state={'complete': False, 'error': None, 'executedCount': 0, 'wsState': 1} eval_ms=21
[15:11]   [capture-loop] iter=350 t=59.8s state={'complete': False, 'error': None, 'executedCount': 0, 'wsState': 1} eval_ms=21
[15:19]   [capture-loop] iter=400 t=68.2s state={'complete': False, 'error': None, 'executedCount': 0, 'wsState': 1} eval_ms=19
[15:21]   Node executed (1 total), capturing...
[15:21]   Frame 4 saved (frame_003.jpg, t=69.8s)
[15:21]   [capture-node] freeze=22ms shot=436ms unfreeze=20ms saved=True
[15:28]   [capture-loop] iter=450 t=77.2s state={'complete': False, 'error': None, 'executedCount': 1, 'wsState': 1} eval_ms=19
[15:33]   Node executed (2 total), capturing...
[15:35]   Frame 5 saved (frame_004.jpg, t=82.1s)
[15:35]   [capture-node] freeze=19ms shot=1770ms unfreeze=0ms saved=True
[15:35]   Execution complete (t=82.1s)
[15:35]   [3d-wait] Phase 1: Waiting for 'Loading 3D Model' text to disappear...
[16:35]   [3d-wait] Phase 1 exception after 60.0s: Page.wait_for_function: Timeout 60000ms exceeded.
[16:35]   [3d-wait] Phase 2: iframes=0
[16:35]   [3d-wait] Total 3D wait: 60.1s
[16:35]   Captured 5 unique frames over 144.18s
[16:35]   [debug] iframes: 0
[16:35]   [timing] trigger_3d_previews: 0.0s
[16:39]   Saved high-quality screenshot: workflow_executed.png
[16:39]   [timing] final_screenshot: 2.1s
[16:41] Results saved to C:\github-runners\PozzettiAndrea-ComfyUI-SAM3DBody-portable\_work\ComfyUI-SAM3DBody\ComfyUI-SAM3DBody\comfy-test-logs\SAM3DBody-0139\windows_portable-gpu\results.json
[16:42] Model report: 11 files, 5.1 GB -> C:\github-runners\PozzettiAndrea-ComfyUI-SAM3DBody-portable\_work\ComfyUI-SAM3DBody\ComfyUI-SAM3DBody\comfy-test-logs\SAM3DBody-0139\windows_portable-gpu\models.json
[16:42] Saved: C:\github-runners\PozzettiAndrea-ComfyUI-SAM3DBody-portable\_work\ComfyUI-SAM3DBody\ComfyUI-SAM3DBody\comfy-test-logs\SAM3DBody-0139\windows_portable-gpu\index.html
[16:42] [EXECUTION] PASSED
[16:42] 
windows_portable: PASSED
