Capturing execution frames: multiple_masks.json
  [Console-error] Failed to load resource: the server responded with a status of 404 (Not Found)
  [Console-error] Failed to load resource: the server responded with a status of 404 (Not Found)
  [Console-error] Failed to load resource: the server responded with a status of 404 (Not Found)
  [Console-error] Failed to load resource: the server responded with a status of 404 (Not Found)
  [Console-error] Failed to load resource: the server responded with a status of 404 (Not Found)
  [Console-warning] Extension KJNodes.browserstatus is disabled.
  [Console-warning] WARNING: Multiple instances of Three.js being imported.
  [Console-warning] WARNING: Multiple instances of Three.js being imported.
  [Console-error] Error loading extension /extensions/ComfyUI-GeometryPack/js/dynamic_widgets.js Error: Extension named 'Comfy.DynamicWidgets' already registered.
    at Proxy.registerExtension (http://127.0.0.1:8188/assets/index-BFHZsBkN.js:83:1634)
    at Proxy.wrappedAction (http://127.0.0.1:8188/assets/vendor-vue-DaLZjKA7.js:8:5819)
    at Object.registerExtension (http://127.0.0.1:8188/assets/index-BFHZsBkN.js:86:51130)
    at ComfyApp.registerExtension (http://127.0.0.1:8188/assets/index-BFHZsBkN.js:280:21199)
    at http://127.0.0.1:8188/extensions/ComfyUI-GeometryPack/js/dynamic_widgets.js:125:5
  [Console-error] Error loading extension /extensions/ComfyUI-GeometryPack/js/pointcloud_preview_vtk.js Error: Extension named 'comfy3d.pointcloud.vtk' already registered.
    at Proxy.registerExtension (http://127.0.0.1:8188/assets/index-BFHZsBkN.js:83:1634)
    at Proxy.wrappedAction (http://127.0.0.1:8188/assets/vendor-vue-DaLZjKA7.js:8:5819)
    at Object.registerExtension (http://127.0.0.1:8188/assets/index-BFHZsBkN.js:86:51130)
    at ComfyApp.registerExtension (http://127.0.0.1:8188/assets/index-BFHZsBkN.js:280:21199)
    at http://127.0.0.1:8188/extensions/ComfyUI-GeometryPack/js/pointcloud_preview_vtk.js:13:5
  [Console-error] Failed to load resource: the server responded with a status of 404 (Not Found)
  [Console-warning] [ComfyUI Deprecated] Importing from "scripts/ui.js" is deprecated and will be removed in v1.34.
  [Console-warning] [ComfyUI Notice] "extensions/core/widgetInputs.js" is an internal module, not part of the public API. Future updates may break this import.
  [Console-warning] [ComfyUI Notice] "scripts/utils.js" is an internal module, not part of the public API. Future updates may break this import.
  [Console-warning] [MaskEditor] ComfyApp.open_maskeditor is deprecated. Plugins should migrate to using the command system or direct node context menu integration.
  [Console-warning] [ComfyUI Deprecated] Importing from "scripts/ui/components/buttonGroup.js" is deprecated and will be removed in v1.34.
  [Console-warning] [ComfyUI Deprecated] Importing from "scripts/ui/components/button.js" is deprecated and will be removed in v1.34.
  [Console-error] Failed to load resource: the server responded with a status of 404 (Not Found)
  [Console-error] Error loading model: zy: fetch for "http://127.0.0.1:8188/api/view?type=output&subfolder=&filename=sam3d_multi_rigged.fbx" responded with 404: Not Found
    at http://127.0.0.1:8188/assets/vendor-three-DH0o8VQ7.js:3824:114758
  Frame 1 saved (frame_000.jpg, t=0.0s)
  Validating workflow...
  Queuing workflow for execution...
  Frame 2 saved (frame_001.jpg, t=3.0s)
  [capture-periodic] freeze=19ms shot=394ms unfreeze=20ms saved=True
  [capture-loop] iter=50 t=9.4s state={'complete': False, 'error': None, 'executedCount': 0, 'wsState': 1} eval_ms=18
  [capture-loop] iter=100 t=17.7s state={'complete': False, 'error': None, 'executedCount': 0, 'wsState': 1} eval_ms=26
  [capture-loop] iter=150 t=27.0s state={'complete': False, 'error': None, 'executedCount': 0, 'wsState': 1} eval_ms=23
  Frame 3 saved (frame_002.jpg, t=31.6s)
  [capture-periodic] freeze=103ms shot=535ms unfreeze=27ms saved=True
  [capture-loop] iter=200 t=40.4s state={'complete': False, 'error': None, 'executedCount': 0, 'wsState': 1} eval_ms=33
  [capture-loop] iter=250 t=55.0s state={'complete': False, 'error': None, 'executedCount': 0, 'wsState': 1} eval_ms=20
  [capture-loop] iter=300 t=67.7s state={'complete': False, 'error': None, 'executedCount': 0, 'wsState': 1} eval_ms=38
  Frame 4 saved (frame_003.jpg, t=68.0s)
  [capture-periodic] freeze=41ms shot=380ms unfreeze=17ms saved=True
  Frame 5 saved (frame_004.jpg, t=70.7s)
  [capture-periodic] freeze=19ms shot=398ms unfreeze=23ms saved=True
  [capture-loop] iter=350 t=76.5s state={'complete': False, 'error': None, 'executedCount': 0, 'wsState': 1} eval_ms=18
  [capture-loop] iter=400 t=84.8s state={'complete': False, 'error': None, 'executedCount': 0, 'wsState': 1} eval_ms=20
  [capture-loop] iter=450 t=93.2s state={'complete': False, 'error': None, 'executedCount': 0, 'wsState': 1} eval_ms=20
  [capture-loop] iter=500 t=102.0s state={'complete': False, 'error': None, 'executedCount': 0, 'wsState': 1} eval_ms=16
  [capture-loop] iter=550 t=110.3s state={'complete': False, 'error': None, 'executedCount': 0, 'wsState': 1} eval_ms=18
  [capture-loop] iter=600 t=118.6s state={'complete': False, 'error': None, 'executedCount': 0, 'wsState': 1} eval_ms=18
  [capture-loop] iter=650 t=127.5s state={'complete': False, 'error': None, 'executedCount': 0, 'wsState': 1} eval_ms=15
  Frame 6 saved (frame_005.jpg, t=128.9s)
  [capture-periodic] freeze=20ms shot=526ms unfreeze=33ms saved=True
  Node executed (1 total), capturing...
  Frame 7 saved (frame_006.jpg, t=129.9s)
  [capture-node] freeze=22ms shot=477ms unfreeze=45ms saved=True
  [capture-loop] iter=700 t=136.9s state={'complete': False, 'error': None, 'executedCount': 1, 'wsState': 1} eval_ms=19
  [capture-loop] iter=750 t=145.3s state={'complete': False, 'error': None, 'executedCount': 1, 'wsState': 1} eval_ms=18
  [capture-loop] iter=800 t=154.0s state={'complete': False, 'error': None, 'executedCount': 1, 'wsState': 1} eval_ms=18
  [capture-loop] iter=850 t=162.3s state={'complete': False, 'error': None, 'executedCount': 1, 'wsState': 1} eval_ms=18
  Node executed (2 total), capturing...
  Frame 8 saved (frame_007.jpg, t=164.4s)
  [capture-node] freeze=17ms shot=450ms unfreeze=0ms saved=True
  Execution complete (t=164.4s)
  [3d-wait] Phase 1: Waiting for 'Loading 3D Model' text to disappear...
  [3d-wait] Phase 1 exception after 60.1s: Page.wait_for_function: Timeout 60000ms exceeded.
  [3d-wait] Phase 2: iframes=0
  [3d-wait] Total 3D wait: 60.1s
  Captured 8 unique frames over 225.2s
  [debug] iframes: 0
  [timing] trigger_3d_previews: 0.0s
  Saved high-quality screenshot: multiple_masks_executed.png
  [timing] final_screenshot: 2.2s
    Captured 9 video frames