Capturing execution frames: workflow.json
  [Console-error] Failed to load resource: the server responded with a status of 404 (Not Found)
  [Console-error] Failed to load resource: the server responded with a status of 404 (Not Found)
  [Console-error] Failed to load resource: the server responded with a status of 404 (Not Found)
  [Console-error] Failed to load resource: the server responded with a status of 404 (Not Found)
  [Console-error] Failed to load resource: the server responded with a status of 404 (Not Found)
  [Console-warning] Extension KJNodes.browserstatus is disabled.
  [Console-warning] WARNING: Multiple instances of Three.js being imported.
  [Console-warning] WARNING: Multiple instances of Three.js being imported.
  [Console-error] Error loading extension /extensions/ComfyUI-GeometryPack/js/dynamic_widgets.js Error: Extension named 'Comfy.DynamicWidgets' already registered.
    at Proxy.registerExtension (http://127.0.0.1:8188/assets/index-BFHZsBkN.js:83:1634)
    at Proxy.wrappedAction (http://127.0.0.1:8188/assets/vendor-vue-DaLZjKA7.js:8:5819)
    at Object.registerExtension (http://127.0.0.1:8188/assets/index-BFHZsBkN.js:86:51130)
    at ComfyApp.registerExtension (http://127.0.0.1:8188/assets/index-BFHZsBkN.js:280:21199)
    at http://127.0.0.1:8188/extensions/ComfyUI-GeometryPack/js/dynamic_widgets.js:125:5
  [Console-error] Error loading extension /extensions/ComfyUI-GeometryPack/js/pointcloud_preview_vtk.js Error: Extension named 'comfy3d.pointcloud.vtk' already registered.
    at Proxy.registerExtension (http://127.0.0.1:8188/assets/index-BFHZsBkN.js:83:1634)
    at Proxy.wrappedAction (http://127.0.0.1:8188/assets/vendor-vue-DaLZjKA7.js:8:5819)
    at Object.registerExtension (http://127.0.0.1:8188/assets/index-BFHZsBkN.js:86:51130)
    at ComfyApp.registerExtension (http://127.0.0.1:8188/assets/index-BFHZsBkN.js:280:21199)
    at http://127.0.0.1:8188/extensions/ComfyUI-GeometryPack/js/pointcloud_preview_vtk.js:13:5
  [Console-error] Failed to load resource: the server responded with a status of 404 (Not Found)
  [Console-warning] [ComfyUI Deprecated] Importing from "scripts/ui.js" is deprecated and will be removed in v1.34.
  [Console-warning] [ComfyUI Notice] "extensions/core/widgetInputs.js" is an internal module, not part of the public API. Future updates may break this import.
  [Console-warning] [ComfyUI Notice] "scripts/utils.js" is an internal module, not part of the public API. Future updates may break this import.
  [Console-warning] [MaskEditor] ComfyApp.open_maskeditor is deprecated. Plugins should migrate to using the command system or direct node context menu integration.
  [Console-warning] [ComfyUI Deprecated] Importing from "scripts/ui/components/buttonGroup.js" is deprecated and will be removed in v1.34.
  [Console-warning] [ComfyUI Deprecated] Importing from "scripts/ui/components/button.js" is deprecated and will be removed in v1.34.
  [Console-error] Failed to load resource: the server responded with a status of 404 (Not Found)
  [Console-error] Error loading model: zy: fetch for "http://127.0.0.1:8188/api/view?type=output&subfolder=&filename=output_mesh.stl" responded with 404: Not Found
    at http://127.0.0.1:8188/assets/vendor-three-DH0o8VQ7.js:3824:114758
  Frame 1 saved (frame_000.jpg, t=0.0s)
  Validating workflow...
  Queuing workflow for execution...
  Frame 2 saved (frame_001.jpg, t=2.7s)
  [capture-periodic] freeze=17ms shot=447ms unfreeze=23ms saved=True
  [capture-loop] iter=50 t=9.2s state={'complete': False, 'error': None, 'executedCount': 0, 'wsState': 1} eval_ms=18
  Frame 3 saved (frame_002.jpg, t=15.6s)
  [capture-periodic] freeze=17ms shot=373ms unfreeze=20ms saved=True
  [capture-loop] iter=100 t=17.5s state={'complete': False, 'error': None, 'executedCount': 0, 'wsState': 1} eval_ms=18
  [capture-loop] iter=150 t=26.1s state={'complete': False, 'error': None, 'executedCount': 0, 'wsState': 1} eval_ms=20
  [capture-loop] iter=200 t=34.4s state={'complete': False, 'error': None, 'executedCount': 0, 'wsState': 1} eval_ms=19
  [capture-loop] iter=250 t=42.8s state={'complete': False, 'error': None, 'executedCount': 0, 'wsState': 1} eval_ms=19
  [capture-loop] iter=300 t=51.5s state={'complete': False, 'error': None, 'executedCount': 0, 'wsState': 1} eval_ms=21
  [capture-loop] iter=350 t=59.8s state={'complete': False, 'error': None, 'executedCount': 0, 'wsState': 1} eval_ms=21
  [capture-loop] iter=400 t=68.2s state={'complete': False, 'error': None, 'executedCount': 0, 'wsState': 1} eval_ms=19
  Node executed (1 total), capturing...
  Frame 4 saved (frame_003.jpg, t=69.8s)
  [capture-node] freeze=22ms shot=436ms unfreeze=20ms saved=True
  [capture-loop] iter=450 t=77.2s state={'complete': False, 'error': None, 'executedCount': 1, 'wsState': 1} eval_ms=19
  Node executed (2 total), capturing...
  Frame 5 saved (frame_004.jpg, t=82.1s)
  [capture-node] freeze=19ms shot=1770ms unfreeze=0ms saved=True
  Execution complete (t=82.1s)
  [3d-wait] Phase 1: Waiting for 'Loading 3D Model' text to disappear...
  [3d-wait] Phase 1 exception after 60.0s: Page.wait_for_function: Timeout 60000ms exceeded.
  [3d-wait] Phase 2: iframes=0
  [3d-wait] Total 3D wait: 60.1s
  Captured 5 unique frames over 144.18s
  [debug] iframes: 0
  [timing] trigger_3d_previews: 0.0s
  Saved high-quality screenshot: workflow_executed.png
  [timing] final_screenshot: 2.1s
    Captured 6 video frames